<?xml version="1.0" encoding="UTF-8"?>
<testsuite xmlns:xsi="http://www.w3.org/2001/XMLSchema-instance" xsi:noNamespaceSchemaLocation="https://maven.apache.org/surefire/maven-surefire-plugin/xsd/surefire-test-report-3.0.xsd" version="3.0" name="com.planetbrandon.seleniumtest.JenkinsHomepageTest" time="7.171" tests="1" errors="0" skipped="0" failures="0">
  <properties>
[...]
</properties>
  <testcase name="test" classname="com.planetbrandon.seleniumtest.JenkinsHomepageTest" time="6.54">
    <system-out><![CDATA[2023-06-14 11:17:59 [main] DEBUG i.g.b.wdm.cache.ResolutionCache.checkKeyInResolutionCache(186) - Resolution chrome=112 in cache (valid until 12:05:48 14/06/2023 WAT)
2023-06-14 11:17:59 [main] DEBUG i.g.b.wdm.cache.ResolutionCache.checkKeyInResolutionCache(186) - Resolution chrome112=112.0.5615.49 in cache (valid until 11:05:48 15/06/2023 WAT)
2023-06-14 11:17:59 [main] INFO  i.g.bonigarcia.wdm.WebDriverManager.resolveDriverVersion(1238) - Using chromedriver 112.0.5615.49 (resolved driver for Chrome 112)
2023-06-14 11:17:59 [main] DEBUG i.g.bonigarcia.wdm.WebDriverManager.manage(1193) - Driver chromedriver 112.0.5615.49 found in cache
2023-06-14 11:17:59 [main] INFO  i.g.bonigarcia.wdm.WebDriverManager.exportDriver(1291) - Exporting webdriver.chrome.driver as /home/brandon/.cache/selenium/chromedriver/linux64/112.0.5615.49/chromedriver
]]></system-out>
    <system-err><![CDATA[Jun 14, 2023 11:17:59 AM org.openqa.selenium.remote.service.DriverService$Builder getLogOutput
INFO: Driver logs no longer sent to console by default; https://www.selenium.dev/documentation/webdriver/drivers/service/#setting-log-output
]]></system-err>
  </testcase>
</testsuite>